[[[[[ ~/Desktop/DEV/BLOC_prototype01_bundle ]]]]]


=> Started proxy.

Local package version is up-to-date: allow-deny@1.1.0

Local package version is up-to-date: autoupdate@1.4.0

Local package version is up-to-date: babel-compiler@7.0.5

Local package version is up-to-date: babel-runtime@1.2.2

Local package version is up-to-date: base64@1.0.11

Local package version is up-to-date: binary-heap@1.0.10

Local package version is up-to-date: blaze@2.3.2

Local package version is up-to-date: blaze-html-templates@1.1.2

Local package version is up-to-date: blaze-tools@1.0.10

Local package version is up-to-date: boilerplate-generator@1.4.0

Local package version is up-to-date: caching-compiler@1.1.11

Local package version is up-to-date: caching-html-compiler@1.1.2

Local package version is up-to-date: callback-hook@1.1.0

Local package version is up-to-date: check@1.3.1

Local package version is up-to-date: ddp@1.4.0

Local package version is up-to-date: ddp-client@2.3.2

Local package version is up-to-date: ddp-common@1.4.0

Local package version is up-to-date: ddp-server@2.1.2

Local package version is up-to-date: deps@1.0.12

Local package version is up-to-date: diff-sequence@1.1.0

Local package version is up-to-date: dynamic-import@0.3.0

Local package version is up-to-date: ecmascript@0.10.5

Local package version is up-to-date: ecmascript-runtime@0.5.0

Local package version is up-to-date: ecmascript-runtime-client@0.6.2

Local package version is up-to-date: ecmascript-runtime-server@0.5.0

Local package version is up-to-date: ejson@1.1.0

Local package version is up-to-date: es5-shim@4.7.3

Local package version is up-to-date: froatsnook:sleep@1.2.0

Local package version is up-to-date: geojson-utils@1.0.10

Local package version is up-to-date: hot-code-push@1.0.4

Local package version is up-to-date: html-tools@1.0.11

Local package version is up-to-date: htmljs@1.0.11

Local package version is up-to-date: http@1.4.0

Local package version is up-to-date: id-map@1.1.0

Local package version is up-to-date: johanbrook:publication-collector@1.1.0

Local package version is up-to-date: jquery@1.11.11

Local package version is up-to-date: kadira:blaze-layout@2.3.0

Local package version is up-to-date: kadira:flow-router@2.12.1

Local package version is up-to-date: launch-screen@1.1.1

Local package version is up-to-date: less@2.7.12

Local package version is up-to-date: livedata@1.0.18

Local package version is up-to-date: logging@1.1.20

Local package version is up-to-date: meteor@1.8.6

Local package version is up-to-date: meteor-base@1.3.0

Local package version is up-to-date: meteortesting:browser-tests@0.1.2

Local package version is up-to-date: meteortesting:mocha@0.5.0

Local package version is up-to-date: minifier-css@1.3.1

Local package version is up-to-date: minifier-js@2.3.3

Local package version is up-to-date: minimongo@1.4.3

Local package version is up-to-date: mobile-experience@1.0.5

Local package version is up-to-date: mobile-status-bar@1.0.14

Local package version is up-to-date: modules@0.11.5

Local package version is up-to-date: modules-runtime@0.9.2

Local package version is up-to-date: mongo@1.4.5

Local package version is up-to-date: mongo-dev-server@1.1.0

Local package version is up-to-date: mongo-id@1.0.7

Local package version is up-to-date: npm-mongo@2.2.34

Local package version is up-to-date: observe-sequence@1.0.16

Local package version is up-to-date: omega:meteor-desktop-bundler@0.14.4

Local package version is up-to-date: omega:meteor-desktop-localstorage@0.0.11

Local package version is up-to-date: omega:meteor-desktop-watcher@0.14.4

Local package version is up-to-date: ordered-dict@1.1.0

Local package version is up-to-date: ostrio:meteor-root@1.0.7

Local package version is up-to-date: practicalmeteor:mocha-core@1.0.1

Local package version is up-to-date: promise@0.10.2

Local package version is up-to-date: random@1.1.0

Local package version is up-to-date: reactive-dict@1.2.0

Local package version is up-to-date: reactive-var@1.0.11

Local package version is up-to-date: reload@1.2.0

Local package version is up-to-date: retry@1.1.0

Local package version is up-to-date: routepolicy@1.0.13

Local package version is up-to-date: server-render@0.3.0

Local package version is up-to-date: shell-server@0.3.1

Local package version is up-to-date: shim-common@0.1.0

Local package version is up-to-date: socket-stream-client@0.1.0

Local package version is up-to-date: spacebars@1.0.15

Local package version is up-to-date: spacebars-compiler@1.1.3

Local package version is up-to-date: standard-minifier-css@1.4.1

Local package version is up-to-date: standard-minifier-js@2.3.2

Local package version is up-to-date: templating@1.3.2

Local package version is up-to-date: templating-compiler@1.3.3

Local package version is up-to-date: templating-runtime@1.3.2

Local package version is up-to-date: templating-tools@1.1.2

Local package version is up-to-date: tracker@1.1.3

Local package version is up-to-date: twbs:bootstrap@3.3.6

Local package version is up-to-date: ui@1.0.13

Local package version is up-to-date: underscore@1.0.10

Local package version is up-to-date: url@1.2.0

Local package version is up-to-date: webapp@1.5.0

Local package version is up-to-date: webapp-hashing@1.0.9

[meteor-desktop] calculated .desktop hash version is 86489b639f20945ccf6f5973c25737ec48b28c89_dev

[meteor-desktop]: Preparing desktop.asar took: 2445.240ms

=> Errors prevented startup:
   
   While processing files with omega:meteor-desktop-bundler (for target
   web.cordova):
   version.desktop: dependency @babel/runtime:7.0.0-beta.42 from
   settings.json[dependencies] failed version check with message: semver ranges
   are forbidden, please specify exact version
   

=> Your application has errors. Waiting for file change.

